<?xml version="1.0" encoding="UTF-8"?>
<testng-results skipped="0" failed="0" ignored="0" total="1" passed="1">
  <reporter-output>
  </reporter-output>
  <suite name="Suite" duration-ms="47459" started-at="2017-07-10T04:24:35Z" finished-at="2017-07-10T04:25:22Z">
    <groups>
    </groups>
    <test name="Test" duration-ms="47459" started-at="2017-07-10T04:24:35Z" finished-at="2017-07-10T04:25:22Z">
      <class name="com.practice.selenium.Tests.HappyPathTest">
        <test-method status="PASS" signature="setUp()[pri:0, instance:com.practice.selenium.Tests.HappyPathTest@6e2eef]" name="setUp" is-config="true" duration-ms="11030" started-at="2017-07-10T09:54:35Z" finished-at="2017-07-10T09:54:46Z">
          <reporter-output>
          </reporter-output>
        </test-method> <!-- setUp -->
        <test-method status="PASS" signature="TC_AddIPhone()[pri:0, instance:com.practice.selenium.Tests.HappyPathTest@6e2eef]" name="TC_AddIPhone" duration-ms="34975" started-at="2017-07-10T09:54:46Z" finished-at="2017-07-10T09:55:21Z">
          <reporter-output>
          </reporter-output>
        </test-method> <!-- TC_AddIPhone -->
        <test-method status="PASS" signature="cleanUp()[pri:0, instance:com.practice.selenium.Tests.HappyPathTest@6e2eef]" name="cleanUp" is-config="true" duration-ms="1426" started-at="2017-07-10T09:55:21Z" finished-at="2017-07-10T09:55:22Z">
          <reporter-output>
          </reporter-output>
        </test-method> <!-- cleanUp -->
      </class> <!-- com.practice.selenium.Tests.HappyPathTest -->
    </test> <!-- Test -->
  </suite> <!-- Suite -->
</testng-results>
