<?xml version="1.0" encoding="UTF-8"?>
<!-- Generated by org.testng.reporters.JUnitXMLReporter -->
<testsuite hostname="KATKORIA-PC" ignored="0" name="Command line test" tests="3" failures="0" timestamp="05 Sep 2017 12:43:47 GMT" time="223.77" errors="0">
  <testcase name="Login_Negative" time="26.462" classname="com.practice.selenium.tests.MakeMyTripTest"/>
  <testcase name="Login_Positive" time="26.551" classname="com.practice.selenium.tests.MakeMyTripTest"/>
  <testcase name="SearchFlightTest" time="81.688" classname="com.practice.selenium.tests.MakeMyTripTest"/>
</testsuite> <!-- Command line test -->
